Fetching gem metadata from https://rubygems.org/.......
Resolving dependencies...
Fetching cucumber-messages 27.2.0
Fetching cucumber-tag-expressions 8.1.0
Fetching contracts 0.17.2
Fetching cucumber-ci-environment 10.0.1
Fetching memoist3 1.0.0
Fetching cucumber-cucumber-expressions 18.0.1
Installing memoist3 1.0.0
Installing cucumber-messages 27.2.0
Fetching sys-uname 1.4.1
Fetching cucumber-gherkin 34.0.0
Fetching cucumber-html-formatter 21.15.1
Installing contracts 0.17.2
Installing cucumber-ci-environment 10.0.1
Installing cucumber-tag-expressions 8.1.0
Installing cucumber-cucumber-expressions 18.0.1
Installing sys-uname 1.4.1
Installing cucumber-gherkin 34.0.0
Fetching cucumber-core 15.3.0 (was 1.5.0)
Installing cucumber-html-formatter 21.15.1
Installing cucumber-core 15.3.0 (was 1.5.0)
Fetching cucumber 10.1.1 (was 2.99.0)
Installing cucumber 10.1.1 (was 2.99.0)
Fetching aruba 2.3.3 (was 0.5.4)
Installing aruba 2.3.3 (was 0.5.4)
WARN: Unresolved or ambiguous specs during Gem::Specification.reset:
      stringio (>= 0)
      Available/installed versions of this gem:
      - 3.1.9
      - 3.1.1
WARN: Clearing out unresolved specs. Try 'gem cleanup <gem>'
Please report a bug if this causes problems.
Bundle updated!
1 installed gem you directly depend on is looking for funding.
  Run `bundle fund` for details
